<?xml version="1.0" encoding="UTF-8"?>
<!-- Generated by org.testng.reporters.JUnitXMLReporter -->
<testsuite ignored="0" hostname="LAPTOP-J11C14AH" failures="0" tests="3" name="Firefox on Windows 11" time="169.008" errors="0" timestamp="2025-01-29T17:41:38 IST">
  <testcase classname="seleniumPKG.window_10_FFox_Selenium" name="testSimpleFormDemo" time="13.819"/>
  <testcase classname="seleniumPKG.window_10_FFox_Selenium" name="testDragAndDropSlider" time="13.206"/>
  <testcase classname="seleniumPKG.window_10_FFox_Selenium" name="testInputFormSubmit" time="25.715"/>
</testsuite> <!-- Firefox on Windows 11 -->
